[debug] [2023-01-06T15:47:21.605Z] ----------------------------------------------------------------------
[debug] [2023-01-06T15:47:21.607Z] Command:       C:\Program Files\nodejs\node.exe C:\Users\TEST\AppData\Roaming\npm\node_modules\firebase-tools\lib\bin\firebase.js deploy
[debug] [2023-01-06T15:47:21.608Z] CLI Version:   11.16.1
[debug] [2023-01-06T15:47:21.608Z] Platform:      win32
[debug] [2023-01-06T15:47:21.608Z] Node Version:  v16.15.0
[debug] [2023-01-06T15:47:21.609Z] Time:          Fri Jan 06 2023 21:17:21 GMT+0530 (India Standard Time)
[debug] [2023-01-06T15:47:21.609Z] ----------------------------------------------------------------------
[debug] 
[debug] [2023-01-06T15:47:21.696Z] > command requires scopes: ["email","openid","https://www.googleapis.com/auth/cloudplatformprojects.readonly","https://www.googleapis.com/auth/firebase","https://www.googleapis.com/auth/cloud-platform"]
[debug] [2023-01-06T15:47:21.696Z] > authorizing via signed-in user (rajnishad24082003@gmail.com)
[debug] [2023-01-06T15:47:21.696Z] [iam] checking project chat-application-2180a for permissions ["cloudfunctions.functions.create","cloudfunctions.functions.delete","cloudfunctions.functions.get","cloudfunctions.functions.list","cloudfunctions.functions.update","cloudfunctions.operations.get","firebase.projects.get","firebasedatabase.instances.update","firebasehosting.sites.update"]
[debug] [2023-01-06T15:47:21.699Z] >>> [apiv2][query] POST https://cloudresourcemanager.googleapis.com/v1/projects/chat-application-2180a:testIamPermissions [none]
[debug] [2023-01-06T15:47:21.700Z] >>> [apiv2][(partial)header] POST https://cloudresourcemanager.googleapis.com/v1/projects/chat-application-2180a:testIamPermissions x-goog-quota-user=projects/chat-application-2180a
[debug] [2023-01-06T15:47:21.700Z] >>> [apiv2][body] POST https://cloudresourcemanager.googleapis.com/v1/projects/chat-application-2180a:testIamPermissions {"permissions":["cloudfunctions.functions.create","cloudfunctions.functions.delete","cloudfunctions.functions.get","cloudfunctions.functions.list","cloudfunctions.functions.update","cloudfunctions.operations.get","firebase.projects.get","firebasedatabase.instances.update","firebasehosting.sites.update"]}
[debug] [2023-01-06T15:47:23.273Z] <<< [apiv2][status] POST https://cloudresourcemanager.googleapis.com/v1/projects/chat-application-2180a:testIamPermissions 200
[debug] [2023-01-06T15:47:23.274Z] <<< [apiv2][body] POST https://cloudresourcemanager.googleapis.com/v1/projects/chat-application-2180a:testIamPermissions {"permissions":["cloudfunctions.functions.create","cloudfunctions.functions.delete","cloudfunctions.functions.get","cloudfunctions.functions.list","cloudfunctions.functions.update","cloudfunctions.operations.get","firebase.projects.get","firebasedatabase.instances.update","firebasehosting.sites.update"]}
[debug] [2023-01-06T15:47:23.274Z] >>> [apiv2][query] POST https://iam.googleapis.com/v1/projects/chat-application-2180a/serviceAccounts/chat-application-2180a@appspot.gserviceaccount.com:testIamPermissions [none]
[debug] [2023-01-06T15:47:23.274Z] >>> [apiv2][body] POST https://iam.googleapis.com/v1/projects/chat-application-2180a/serviceAccounts/chat-application-2180a@appspot.gserviceaccount.com:testIamPermissions {"permissions":["iam.serviceAccounts.actAs"]}
[debug] [2023-01-06T15:47:24.723Z] <<< [apiv2][status] POST https://iam.googleapis.com/v1/projects/chat-application-2180a/serviceAccounts/chat-application-2180a@appspot.gserviceaccount.com:testIamPermissions 200
[debug] [2023-01-06T15:47:24.723Z] <<< [apiv2][body] POST https://iam.googleapis.com/v1/projects/chat-application-2180a/serviceAccounts/chat-application-2180a@appspot.gserviceaccount.com:testIamPermissions {"permissions":["iam.serviceAccounts.actAs"]}
[debug] [2023-01-06T15:47:24.724Z] >>> [apiv2][query] GET https://firebase.googleapis.com/v1beta1/projects/chat-application-2180a [none]
[debug] [2023-01-06T15:47:25.185Z] <<< [apiv2][status] GET https://firebase.googleapis.com/v1beta1/projects/chat-application-2180a 200
[debug] [2023-01-06T15:47:25.185Z] <<< [apiv2][body] GET https://firebase.googleapis.com/v1beta1/projects/chat-application-2180a {"projectId":"chat-application-2180a","projectNumber":"701350939554","displayName":"chat-application","name":"projects/chat-application-2180a","resources":{"hostingSite":"chat-application-2180a","realtimeDatabaseInstance":"chat-application-2180a-default-rtdb","storageBucket":"chat-application-2180a.appspot.com","locationId":"us-central"},"state":"ACTIVE","etag":"1_ac2eb7b1-d41c-4ea5-8e97-12b34b2bc5d5"}
[debug] [2023-01-06T15:47:25.186Z] >>> [apiv2][query] GET https://firebase.googleapis.com/v1beta1/projects/chat-application-2180a [none]
[debug] [2023-01-06T15:47:25.624Z] <<< [apiv2][status] GET https://firebase.googleapis.com/v1beta1/projects/chat-application-2180a 200
[debug] [2023-01-06T15:47:25.624Z] <<< [apiv2][body] GET https://firebase.googleapis.com/v1beta1/projects/chat-application-2180a {"projectId":"chat-application-2180a","projectNumber":"701350939554","displayName":"chat-application","name":"projects/chat-application-2180a","resources":{"hostingSite":"chat-application-2180a","realtimeDatabaseInstance":"chat-application-2180a-default-rtdb","storageBucket":"chat-application-2180a.appspot.com","locationId":"us-central"},"state":"ACTIVE","etag":"1_ac2eb7b1-d41c-4ea5-8e97-12b34b2bc5d5"}
[info] 
[info] === Deploying to 'chat-application-2180a'...
[info] 
[info] i  deploying database, functions, hosting 
[info] Running command: npm --prefix "$RESOURCE_DIR" run lint
[info] +  functions: Finished running predeploy script. 
[info] Running command: npm run build
[info] +  hosting: Finished running predeploy script. 
[info] i  database: checking rules syntax... 
[debug] [2023-01-06T15:48:23.591Z] >>> [apiv2][query] GET https://firebasedatabase.googleapis.com/v1beta/projects/chat-application-2180a/locations/-/instances/chat-application-2180a-default-rtdb [none]
[debug] [2023-01-06T15:48:25.226Z] <<< [apiv2][status] GET https://firebasedatabase.googleapis.com/v1beta/projects/chat-application-2180a/locations/-/instances/chat-application-2180a-default-rtdb 200
[debug] [2023-01-06T15:48:25.227Z] <<< [apiv2][body] GET https://firebasedatabase.googleapis.com/v1beta/projects/chat-application-2180a/locations/-/instances/chat-application-2180a-default-rtdb {"name":"projects/701350939554/locations/us-central1/instances/chat-application-2180a-default-rtdb","project":"projects/701350939554","databaseUrl":"https://chat-application-2180a-default-rtdb.firebaseio.com","type":"DEFAULT_DATABASE","state":"ACTIVE"}
[debug] [2023-01-06T15:48:25.230Z] >>> [apiv2][query] PUT https://chat-application-2180a-default-rtdb.firebaseio.com/.settings/rules.json dryRun=true
[debug] [2023-01-06T15:48:25.230Z] >>> [apiv2][body] PUT https://chat-application-2180a-default-rtdb.firebaseio.com/.settings/rules.json "{\n  \"rules\": {\n    \"profile\": {\n      \".read\": \"auth != null\",\n      \".write\": \"auth != null\",\n      \"$user_id\": {\n        \".read\": \"$user_id != null\",\n        \".write\": \"$user_id != null\"\n      }\n    },\n    \"rooms\": {\n      \".read\": \"auth != null\",\n      \".write\": \"auth != null\",\n      \"$room_id\": {\n        \".read\": \"auth != null\",\n        \".write\": \"auth != null\"\n      }\n    },\n    \"personalChats\": {\n      \".read\": \"auth != null\",\n      \".write\": \"auth != null\",\n      \"$personalchat_id\": {\n        \".read\": \"auth != null\",\n        \".write\": \"auth != null\"\n      }\n    },\n    \"groupImg\": {\n      \"$user_id\": {\n        \"$groupImg_id\": {\n          \".read\": \"auth != null\",\n          \".write\": \"auth != null\"\n        }\n      }\n    },\n    \"chats\": {\n      \".read\": \"auth != null\",\n      \".write\": \"auth != null\",\n      \"$chats_id\": {\n        \".read\": \"auth != null\",\n        \".write\": \"auth != null\"\n      }\n    },\n    \"status\": {\n      \".read\": \"auth != null\",\n      \".write\": \"auth != null\",\n      \"$user_id\": {\n        \".read\": true,\n        \".write\": \"$user_id === auth.uid\"\n      }\n    },\n    \".read\": false,\n    \".write\": false\n  }\n}\n"
[debug] [2023-01-06T15:48:26.461Z] <<< [apiv2][status] PUT https://chat-application-2180a-default-rtdb.firebaseio.com/.settings/rules.json 200
[debug] [2023-01-06T15:48:26.462Z] <<< [apiv2][body] PUT https://chat-application-2180a-default-rtdb.firebaseio.com/.settings/rules.json {"status":"ok"}
[info] +  database: rules syntax for database chat-application-2180a-default-rtdb is valid 
[debug] [2023-01-06T15:48:26.464Z] >>> [apiv2][query] GET https://firebase.googleapis.com/v1beta1/projects/chat-application-2180a [none]
[debug] [2023-01-06T15:48:27.349Z] <<< [apiv2][status] GET https://firebase.googleapis.com/v1beta1/projects/chat-application-2180a 200
[debug] [2023-01-06T15:48:27.349Z] <<< [apiv2][body] GET https://firebase.googleapis.com/v1beta1/projects/chat-application-2180a {"projectId":"chat-application-2180a","projectNumber":"701350939554","displayName":"chat-application","name":"projects/chat-application-2180a","resources":{"hostingSite":"chat-application-2180a","realtimeDatabaseInstance":"chat-application-2180a-default-rtdb","storageBucket":"chat-application-2180a.appspot.com","locationId":"us-central"},"state":"ACTIVE","etag":"1_ac2eb7b1-d41c-4ea5-8e97-12b34b2bc5d5"}
[info] i  functions: ensuring required API cloudfunctions.googleapis.com is enabled... 
[info] i  functions: ensuring required API cloudbuild.googleapis.com is enabled... 
[info] i  artifactregistry: ensuring required API artifactregistry.googleapis.com is enabled... 
[debug] [2023-01-06T15:48:27.352Z] >>> [apiv2][query] GET https://serviceusage.googleapis.com/v1/projects/chat-application-2180a/services/cloudfunctions.googleapis.com [none]
[debug] [2023-01-06T15:48:27.353Z] >>> [apiv2][(partial)header] GET https://serviceusage.googleapis.com/v1/projects/chat-application-2180a/services/cloudfunctions.googleapis.com x-goog-quota-user=projects/chat-application-2180a
[debug] [2023-01-06T15:48:27.354Z] >>> [apiv2][query] GET https://serviceusage.googleapis.com/v1/projects/chat-application-2180a/services/runtimeconfig.googleapis.com [none]
[debug] [2023-01-06T15:48:27.355Z] >>> [apiv2][(partial)header] GET https://serviceusage.googleapis.com/v1/projects/chat-application-2180a/services/runtimeconfig.googleapis.com x-goog-quota-user=projects/chat-application-2180a
[debug] [2023-01-06T15:48:27.357Z] >>> [apiv2][query] GET https://serviceusage.googleapis.com/v1/projects/chat-application-2180a/services/cloudbuild.googleapis.com [none]
[debug] [2023-01-06T15:48:27.357Z] >>> [apiv2][(partial)header] GET https://serviceusage.googleapis.com/v1/projects/chat-application-2180a/services/cloudbuild.googleapis.com x-goog-quota-user=projects/chat-application-2180a
[debug] [2023-01-06T15:48:27.359Z] >>> [apiv2][query] GET https://serviceusage.googleapis.com/v1/projects/chat-application-2180a/services/artifactregistry.googleapis.com [none]
[debug] [2023-01-06T15:48:27.359Z] >>> [apiv2][(partial)header] GET https://serviceusage.googleapis.com/v1/projects/chat-application-2180a/services/artifactregistry.googleapis.com x-goog-quota-user=projects/chat-application-2180a
[debug] [2023-01-06T15:48:29.408Z] <<< [apiv2][status] GET https://serviceusage.googleapis.com/v1/projects/chat-application-2180a/services/artifactregistry.googleapis.com 200
[debug] [2023-01-06T15:48:29.408Z] <<< [apiv2][body] GET https://serviceusage.googleapis.com/v1/projects/chat-application-2180a/services/artifactregistry.googleapis.com [omitted]
[warn] !  artifactregistry: missing required API artifactregistry.googleapis.com. Enabling now... 
[debug] [2023-01-06T15:48:29.409Z] >>> [apiv2][query] POST https://serviceusage.googleapis.com/v1/projects/chat-application-2180a/services/artifactregistry.googleapis.com:enable [none]
[debug] [2023-01-06T15:48:29.409Z] >>> [apiv2][(partial)header] POST https://serviceusage.googleapis.com/v1/projects/chat-application-2180a/services/artifactregistry.googleapis.com:enable x-goog-quota-user=projects/chat-application-2180a
[debug] [2023-01-06T15:48:30.424Z] <<< [apiv2][status] GET https://serviceusage.googleapis.com/v1/projects/chat-application-2180a/services/cloudbuild.googleapis.com 200
[debug] [2023-01-06T15:48:30.424Z] <<< [apiv2][body] GET https://serviceusage.googleapis.com/v1/projects/chat-application-2180a/services/cloudbuild.googleapis.com [omitted]
[warn] !  functions: missing required API cloudbuild.googleapis.com. Enabling now... 
[debug] [2023-01-06T15:48:30.425Z] >>> [apiv2][query] POST https://serviceusage.googleapis.com/v1/projects/chat-application-2180a/services/cloudbuild.googleapis.com:enable [none]
[debug] [2023-01-06T15:48:30.425Z] >>> [apiv2][(partial)header] POST https://serviceusage.googleapis.com/v1/projects/chat-application-2180a/services/cloudbuild.googleapis.com:enable x-goog-quota-user=projects/chat-application-2180a
[debug] [2023-01-06T15:48:31.567Z] <<< [apiv2][status] POST https://serviceusage.googleapis.com/v1/projects/chat-application-2180a/services/artifactregistry.googleapis.com:enable 200
[debug] [2023-01-06T15:48:31.567Z] <<< [apiv2][body] POST https://serviceusage.googleapis.com/v1/projects/chat-application-2180a/services/artifactregistry.googleapis.com:enable [omitted]
[debug] [2023-01-06T15:48:35.902Z] <<< [apiv2][status] POST https://serviceusage.googleapis.com/v1/projects/chat-application-2180a/services/cloudbuild.googleapis.com:enable 200
[debug] [2023-01-06T15:48:35.903Z] <<< [apiv2][body] POST https://serviceusage.googleapis.com/v1/projects/chat-application-2180a/services/cloudbuild.googleapis.com:enable [omitted]
[debug] [2023-01-06T15:48:36.355Z] <<< [apiv2][status] GET https://serviceusage.googleapis.com/v1/projects/chat-application-2180a/services/runtimeconfig.googleapis.com 200
[debug] [2023-01-06T15:48:36.355Z] <<< [apiv2][body] GET https://serviceusage.googleapis.com/v1/projects/chat-application-2180a/services/runtimeconfig.googleapis.com [omitted]
[debug] [2023-01-06T15:48:41.578Z] >>> [apiv2][query] GET https://serviceusage.googleapis.com/v1/projects/chat-application-2180a/services/artifactregistry.googleapis.com [none]
[debug] [2023-01-06T15:48:41.578Z] >>> [apiv2][(partial)header] GET https://serviceusage.googleapis.com/v1/projects/chat-application-2180a/services/artifactregistry.googleapis.com x-goog-quota-user=projects/chat-application-2180a
[debug] [2023-01-06T15:48:43.439Z] <<< [apiv2][status] GET https://serviceusage.googleapis.com/v1/projects/chat-application-2180a/services/artifactregistry.googleapis.com 200
[debug] [2023-01-06T15:48:43.439Z] <<< [apiv2][body] GET https://serviceusage.googleapis.com/v1/projects/chat-application-2180a/services/artifactregistry.googleapis.com [omitted]
[info] +  artifactregistry: required API artifactregistry.googleapis.com is enabled 
[debug] [2023-01-06T15:48:45.916Z] >>> [apiv2][query] GET https://serviceusage.googleapis.com/v1/projects/chat-application-2180a/services/cloudbuild.googleapis.com [none]
[debug] [2023-01-06T15:48:45.916Z] >>> [apiv2][(partial)header] GET https://serviceusage.googleapis.com/v1/projects/chat-application-2180a/services/cloudbuild.googleapis.com x-goog-quota-user=projects/chat-application-2180a
[debug] [2023-01-06T15:48:48.560Z] <<< [apiv2][status] GET https://serviceusage.googleapis.com/v1/projects/chat-application-2180a/services/cloudbuild.googleapis.com 200
[debug] [2023-01-06T15:48:48.560Z] <<< [apiv2][body] GET https://serviceusage.googleapis.com/v1/projects/chat-application-2180a/services/cloudbuild.googleapis.com [omitted]
[info] +  functions: required API cloudbuild.googleapis.com is enabled 
[debug] [2023-01-06T15:48:53.504Z] Error: Timed out.
    at Timeout._onTimeout (C:\Users\TEST\AppData\Roaming\npm\node_modules\firebase-tools\lib\utils.js:253:49)
    at listOnTimeout (node:internal/timers:559:17)
    at processTimers (node:internal/timers:502:7)
[error] 
[error] Error: An unexpected error has occurred.
